[32m[1m  Installing[22m[39m known registries into `~/.julia`
[32m[1m    Updating[22m[39m registry at `~/.julia/registries/General.toml`
[32m[1m   Resolving[22m[39m package versions...
[32m[1m   Installed[22m[39m TableTraits ───────────────── v1.0.1
[32m[1m   Installed[22m[39m LoggingExtras ─────────────── v1.0.0
[32m[1m   Installed[22m[39m Preferences ───────────────── v1.4.0
[32m[1m   Installed[22m[39m Crayons ───────────────────── v4.1.1
[32m[1m   Installed[22m[39m OpenSSL_jll ───────────────── v3.0.9+0
[32m[1m   Installed[22m[39m BitFlags ──────────────────── v0.1.7
[32m[1m   Installed[22m[39m Parsers ───────────────────── v2.7.1
[32m[1m   Installed[22m[39m SimpleBufferStream ────────── v1.1.0
[32m[1m   Installed[22m[39m SentinelArrays ────────────── v1.4.0
[32m[1m   Installed[22m[39m DataAPI ───────────────────── v1.15.0
[32m[1m   Installed[22m[39m Tables ────────────────────── v1.10.1
[32m[1m   Installed[22m[39m PooledArrays ──────────────── v1.4.2
[32m[1m   Installed[22m[39m InlineStrings ─────────────── v1.4.0
[32m[1m   Installed[22m[39m ConcurrentUtilities ───────── v2.2.0
[32m[1m   Installed[22m[39m IteratorInterfaceExtensions ─ v1.0.0
[32m[1m   Installed[22m[39m Formatting ────────────────── v0.4.2
[32m[1m   Installed[22m[39m JLLWrappers ───────────────── v1.4.1
[32m[1m   Installed[22m[39m PrecompileTools ───────────── v1.1.2
[32m[1m   Installed[22m[39m DataValueInterfaces ───────── v1.0.0
[32m[1m   Installed[22m[39m URIs ──────────────────────── v1.4.2
[32m[1m   Installed[22m[39m LaTeXStrings ──────────────── v1.3.0
[32m[1m   Installed[22m[39m OrderedCollections ────────── v1.6.0
[32m[1m   Installed[22m[39m OpenSSL ───────────────────── v1.4.1
[32m[1m   Installed[22m[39m TranscodingStreams ────────── v0.9.13
[32m[1m   Installed[22m[39m HTTP ──────────────────────── v1.9.11
[32m[1m   Installed[22m[39m InvertedIndices ───────────── v1.3.0
[32m[1m   Installed[22m[39m Reexport ──────────────────── v1.2.2
[32m[1m   Installed[22m[39m DataStructures ────────────── v0.18.14
[32m[1m   Installed[22m[39m CodecZlib ─────────────────── v0.7.1
[32m[1m   Installed[22m[39m MbedTLS ───────────────────── v1.1.7
[32m[1m   Installed[22m[39m SortingAlgorithms ─────────── v1.1.1
[32m[1m   Installed[22m[39m Compat ────────────────────── v4.7.0
[32m[1m   Installed[22m[39m Missings ──────────────────── v1.1.0
[32m[1m   Installed[22m[39m StringManipulation ────────── v0.3.0
[32m[1m   Installed[22m[39m ExceptionUnwrapping ───────── v0.1.9
[32m[1m   Installed[22m[39m DataFrames ────────────────── v1.6.0
[32m[1m   Installed[22m[39m PrettyTables ──────────────── v2.2.5
[32m[1m    Updating[22m[39m `~/.julia/environments/v1.9/Project.toml`
  [90m[a93c6f00] [39m[92m+ DataFrames v1.6.0[39m
  [90m[cd3eb016] [39m[92m+ HTTP v1.9.11[39m
[32m[1m    Updating[22m[39m `~/.julia/environments/v1.9/Manifest.toml`
  [90m[d1d4a3ce] [39m[92m+ BitFlags v0.1.7[39m
  [90m[944b1d66] [39m[92m+ CodecZlib v0.7.1[39m
  [90m[34da2185] [39m[92m+ Compat v4.7.0[39m
  [90m[f0e56b4a] [39m[92m+ ConcurrentUtilities v2.2.0[39m
  [90m[a8cc5b0e] [39m[92m+ Crayons v4.1.1[39m
  [90m[9a962f9c] [39m[92m+ DataAPI v1.15.0[39m
  [90m[a93c6f00] [39m[92m+ DataFrames v1.6.0[39m
  [90m[864edb3b] [39m[92m+ DataStructures v0.18.14[39m
  [90m[e2d170a0] [39m[92m+ DataValueInterfaces v1.0.0[39m
  [90m[460bff9d] [39m[92m+ ExceptionUnwrapping v0.1.9[39m
  [90m[59287772] [39m[92m+ Formatting v0.4.2[39m
  [90m[cd3eb016] [39m[92m+ HTTP v1.9.11[39m
  [90m[842dd82b] [39m[92m+ InlineStrings v1.4.0[39m
  [90m[41ab1584] [39m[92m+ InvertedIndices v1.3.0[39m
  [90m[82899510] [39m[92m+ IteratorInterfaceExtensions v1.0.0[39m
  [90m[692b3bcd] [39m[92m+ JLLWrappers v1.4.1[39m
  [90m[b964fa9f] [39m[92m+ LaTeXStrings v1.3.0[39m
  [90m[e6f89c97] [39m[92m+ LoggingExtras v1.0.0[39m
  [90m[739be429] [39m[92m+ MbedTLS v1.1.7[39m
  [90m[e1d29d7a] [39m[92m+ Missings v1.1.0[39m
  [90m[4d8831e6] [39m[92m+ OpenSSL v1.4.1[39m
  [90m[bac558e1] [39m[92m+ OrderedCollections v1.6.0[39m
  [90m[69de0a69] [39m[92m+ Parsers v2.7.1[39m
  [90m[2dfb63ee] [39m[92m+ PooledArrays v1.4.2[39m
  [90m[aea7be01] [39m[92m+ PrecompileTools v1.1.2[39m
  [90m[21216c6a] [39m[92m+ Preferences v1.4.0[39m
  [90m[08abe8d2] [39m[92m+ PrettyTables v2.2.5[39m
  [90m[189a3867] [39m[92m+ Reexport v1.2.2[39m
  [90m[91c51154] [39m[92m+ SentinelArrays v1.4.0[39m
  [90m[777ac1f9] [39m[92m+ SimpleBufferStream v1.1.0[39m
  [90m[a2af1166] [39m[92m+ SortingAlgorithms v1.1.1[39m
  [90m[892a3eda] [39m[92m+ StringManipulation v0.3.0[39m
  [90m[3783bdb8] [39m[92m+ TableTraits v1.0.1[39m
  [90m[bd369af6] [39m[92m+ Tables v1.10.1[39m
  [90m[3bb67fe8] [39m[92m+ TranscodingStreams v0.9.13[39m
  [90m[5c2747f8] [39m[92m+ URIs v1.4.2[39m
  [90m[458c3c95] [39m[92m+ OpenSSL_jll v3.0.9+0[39m
  [90m[0dad84c5] [39m[92m+ ArgTools v1.1.1[39m
  [90m[56f22d72] [39m[92m+ Artifacts[39m
  [90m[2a0f44e3] [39m[92m+ Base64[39m
  [90m[ade2ca70] [39m[92m+ Dates[39m
  [90m[f43a241f] [39m[92m+ Downloads v1.6.0[39m
  [90m[7b1f6079] [39m[92m+ FileWatching[39m
  [90m[9fa8497b] [39m[92m+ Future[39m
  [90m[b77e0a4c] [39m[92m+ InteractiveUtils[39m
  [90m[b27032c2] [39m[92m+ LibCURL v0.6.3[39m
  [90m[76f85450] [39m[92m+ LibGit2[39m
  [90m[8f399da3] [39m[92m+ Libdl[39m
  [90m[37e2e46d] [39m[92m+ LinearAlgebra[39m
  [90m[56ddb016] [39m[92m+ Logging[39m
  [90m[d6f4376e] [39m[92m+ Markdown[39m
  [90m[ca575930] [39m[92m+ NetworkOptions v1.2.0[39m
  [90m[44cfe95a] [39m[92m+ Pkg v1.9.2[39m
  [90m[de0858da] [39m[92m+ Printf[39m
  [90m[3fa0cd96] [39m[92m+ REPL[39m
  [90m[9a3f8284] [39m[92m+ Random[39m
  [90m[ea8e919c] [39m[92m+ SHA v0.7.0[39m
  [90m[9e88b42a] [39m[92m+ Serialization[39m
  [90m[6462fe0b] [39m[92m+ Sockets[39m
  [90m[2f01184e] [39m[92m+ SparseArrays[39m
  [90m[10745b16] [39m[92m+ Statistics v1.9.0[39m
  [90m[fa267f1f] [39m[92m+ TOML v1.0.3[39m
  [90m[a4e569a6] [39m[92m+ Tar v1.10.0[39m
  [90m[8dfed614] [39m[92m+ Test[39m
  [90m[cf7118a7] [39m[92m+ UUIDs[39m
  [90m[4ec0a83e] [39m[92m+ Unicode[39m
  [90m[e66e0078] [39m[92m+ CompilerSupportLibraries_jll v1.0.5+0[39m
  [90m[deac9b47] [39m[92m+ LibCURL_jll v7.84.0+0[39m
  [90m[29816b5a] [39m[92m+ LibSSH2_jll v1.10.2+0[39m
  [90m[c8ffd9c3] [39m[92m+ MbedTLS_jll v2.28.2+0[39m
  [90m[14a3606d] [39m[92m+ MozillaCACerts_jll v2022.10.11[39m
  [90m[4536629a] [39m[92m+ OpenBLAS_jll v0.3.21+4[39m
  [90m[bea87d4a] [39m[92m+ SuiteSparse_jll v5.10.1+6[39m
  [90m[83775a58] [39m[92m+ Zlib_jll v1.2.13+0[39m
  [90m[8e850b90] [39m[92m+ libblastrampoline_jll v5.8.0+0[39m
  [90m[8e850ede] [39m[92m+ nghttp2_jll v1.48.0+0[39m
  [90m[3f19e933] [39m[92m+ p7zip_jll v17.4.0+0[39m
[32m[1mPrecompiling[22m[39m project...
[32m  ✓ [39m[90mInvertedIndices[39m
[32m  ✓ [39m[90mIteratorInterfaceExtensions[39m
[32m  ✓ [39m[90mDataValueInterfaces[39m
[32m  ✓ [39m[90mLaTeXStrings[39m
[32m  ✓ [39m[90mCompat[39m
[32m  ✓ [39m[90mReexport[39m
[32m  ✓ [39m[90mOrderedCollections[39m
[32m  ✓ [39m[90mURIs[39m
[32m  ✓ [39m[90mSimpleBufferStream[39m
[32m  ✓ [39m[90mDataAPI[39m
[32m  ✓ [39m[90mCompilerSupportLibraries_jll[39m
[32m  ✓ [39m[90mBitFlags[39m
[32m  ✓ [39m[90mLoggingExtras[39m
[32m  ✓ [39m[90mExceptionUnwrapping[39m
[32m  ✓ [39m[90mFormatting[39m
[32m  ✓ [39m[90mConcurrentUtilities[39m
[32m  ✓ [39m[90mPreferences[39m
[32m  ✓ [39m[90mSentinelArrays[39m
[32m  ✓ [39m[90mTableTraits[39m
[32m  ✓ [39m[90mTranscodingStreams[39m
[32m  ✓ [39m[90mCompat → CompatLinearAlgebraExt[39m
[32m  ✓ [39m[90mCrayons[39m
[32m  ✓ [39m[90mPooledArrays[39m
[32m  ✓ [39m[90mMissings[39m
[32m  ✓ [39m[90mMbedTLS[39m
[32m  ✓ [39m[90mPrecompileTools[39m
[32m  ✓ [39m[90mJLLWrappers[39m
[32m  ✓ [39m[90mCodecZlib[39m
[32m  ✓ [39m[90mTables[39m
[32m  ✓ [39m[90mOpenSSL_jll[39m
[32m  ✓ [39m[90mStringManipulation[39m
[32m  ✓ [39m[90mDataStructures[39m
[32m  ✓ [39m[90mSortingAlgorithms[39m
[32m  ✓ [39m[90mOpenSSL[39m
[32m  ✓ [39mHTTP
[32m  ✓ [39m[90mPrettyTables[39m
[32m  ✓ [39m[90mParsers[39m
[32m  ✓ [39m[90mInlineStrings[39m
[32m  ✓ [39mDataFrames
  39 dependencies successfully precompiled in 76 seconds. 5 already precompiled.
